M24K  TA  HHZ  62  6.4020N146 10.5000E 908
IL04  IM  HHZ  64 45.4200N146 52.5660E 528
RH04  YG  HHZ  62 37.7160N145 27.3720E 725
IL11  IM  HHZ  64 44.4900N146 53.8440E 444
RH09  YG  HHZ  61 42.0540N145 11.0760E 648
TOK5  YG  HHZ  63 12.3660N143  2.8260E 575
HDA   AK  HHZ  64 24.5460N146 56.8920E 437
DIV   AK  HHZ  61  7.7520N145 46.4940E 941
GLN2  YG  HHZ  62  3.6060N146 29.1900E 770
DEN3  YG  HHZ  63  2.9220N146 49.9740E 992
WAT6  AK  HHZ  62 34.8480N147 44.4000E1681
RH01  YG  HHZ  63 38.8980N145 52.5360E 605
RIDG  AK  HHZ  63 44.3940N144 50.7720E 871
MENT  AT  HHZ  62 56.2800N143 43.1640E 702
RH06  YG  HHZ  62 16.1820N145 24.3060E 508
M23K  TA  HHZ  61 47.5740N147 43.5720E 583
IL08  IM  HHZ  64 47.4180N146 47.8140E 505
GLN1  YG  HHZ  62  5.7720N146  2.6160E 702
IL03  IM  HHZ  64 46.2840N146 51.0720E 440
L26K  TA  HHZ  63  1.5240N143 20.8680E 650
TOK2  YG  HHZ  62 39.7200N144 27.0360E 654
RH07  YG  HHZ  61 57.0000N145 22.9020E 469
IL13  IM  HHZ  64 44.8740N146 59.1900E 367
PAX   AK  HHZ  62 58.1940N145 28.1940E1150
MCR1  YG  HHZ  61 42.9420N144 53.7120E 444
IL15  IM  HHZ  64 46.6620N146 56.5680E 336
J26L  TA  HHZ  64 30.0720N143 33.8160E1144
IL16  IM  HHZ  64 47.5980N146 55.2900E 382
GLB   AK  HHZ  61 26.5020N143 48.7380E 855
RH10  YG  HHZ  61 34.3920N145 13.5360E 602
IL07  IM  HHZ  64 47.9580N146 50.3580E 401
IL06  IM  HHZ  64 46.7520N146 54.2400E 262
RH15  YG  HHZ  61  6.0720N146 12.7320E  46
TCOL  TA  HHZ  64 52.4100N147 51.7080E 178
MCR2  YG  HHZ  61 29.9460N144  2.3580E 425
IL09  IM  HHZ  64 46.0860N146 46.9920E 494
IL31  IM  HHZ  64 46.2840N146 53.1960E 419
NEB2  YG  HHZ  62 33.9240N143 26.9520E 971
IL18  IM  HHZ  64 45.4500N146 46.6080E 554
IL02  IM  HHZ  64 47.0820N146 51.8580E 261
RH12  YG  HHZ  61 14.3880N145 21.1920E 415
IL14  IM  HHZ  64 46.5000N146 58.7640E 223
IL12  IM  HHZ  64 44.6820N146 56.6160E 366
NEB3  YG  HHZ  62 31.1040N143 11.9760E 997
VRDI  AK  HHZ  61 13.6500N143 27.2700E1909
RH14  YG  HHZ  61  3.7020N145 56.2020E 152
GLN4  YG  HHZ  61 47.3700N147 40.7760E 689
RH13  YG  HHZ  61 11.6040N145 34.4460E 528
WACK  AV  HHZ  61 59.1480N144 19.8300E2280
IL01  IM  HHZ  64 46.2960N146 53.1660E 418
WASW  AV  HHZ  61 55.6620N144 10.4700E2196
MCAR  AK  HHZ  61 23.0160N143  1.4400E 447
DEN4  YG  HHZ  63 10.2600N147 32.6100E 841
N25K  TA  HHZ  61 36.3660N144 35.8920E1087
K24K  TA  HHZ  63 48.2160N145 46.7040E 724
DEN1  YG  HHZ  63  2.7960N145 54.5040E 951
RH08  YG  HHZ  61 50.2200N145 13.2960E 490
TOK4  YG  HHZ  62 50.3460N143 42.4140E 757
GLN3  YG  HHZ  61 59.2320N146 57.2220E 814
IL19  IM  HHZ  64 44.7660N146 47.8440E 549
IL10  IM  HHZ  64 45.1740N146 50.5860E 586
COLA  IU  HHZ  64 52.4160N147 51.6960E 200
HARP  TA  HHZ  62 23.9220N145  9.4080E 581
RH05  YG  HHZ  62 24.6360N145 23.2920E 585
TOK1  YG  HHZ  62 29.0340N144 49.6740E 572
RH11  YG  HHZ  61 24.0840N145 11.6820E 528
RH03  YG  HHZ  62 50.0040N145 28.2600E 909
MCR3  YG  HHZ  61 25.0560N143 41.8800E 485
KLU   AK  HHZ  61 29.5440N145 55.3620E1047
SCM   AK  HHZ  61 49.9200N147 19.7400E1050
IL17  IM  HHZ  64 48.4320N146 53.3880E 357
DHY   AK  HHZ  63  4.5180N147 22.5540E1611
CCB   AK  HHZ  64 38.7180N147 48.3180E 233
MCR4  YG  HHZ  61 21.7740N143 28.0020E 455
LKLO  YG  HHZ  62 14.8440N146 31.5300E 807
TOK3  YG  HHZ  62 43.1220N144  4.1640E 832
NEB1  YG  HHZ  62 37.3680N143 42.8100E 795
IL05  IM  HHZ  64 46.3860N146 55.3740E 389
J25K  TA  HHZ  64 36.7800N145 22.1820E 949
SCRK  AK  HHZ  63 58.5660N143 59.4300E1375
DOT   AK  HHZ  63 38.8920N144  4.1820E 670
