TA.M24K	62.10670	-146.17500	908.00	-1
IM.IL04	64.75700	-146.87610	528.00	-1
YG.RH04	62.62860	-145.45620	725.00	-1
IM.IL11	64.74150	-146.89740	444.00	-1
YG.RH09	61.70090	-145.18460	648.00	-1
YG.TOK5	63.20610	-143.04710	575.00	-1
AK.HDA	64.40910	-146.94820	437.00	-1
AK.DIV	61.12920	-145.77490	941.00	-1
YG.GLN2	62.06010	-146.48650	770.00	-1
YG.DEN3	63.04870	-146.83290	992.00	-1
AK.WAT6	62.58080	-147.74000	1681.00	-1
YG.RH01	63.64830	-145.87560	605.00	-1
AK.RIDG	63.73990	-144.84620	871.00	-1
AT.MENT	62.93800	-143.71940	702.00	-1
YG.RH06	62.26970	-145.40510	508.00	-1
TA.M23K	61.79290	-147.72620	583.00	-1
IM.IL08	64.79030	-146.79690	505.00	-1
YG.GLN1	62.09620	-146.04360	702.00	-1
IM.IL03	64.77140	-146.85120	440.00	-1
TA.L26K	63.02540	-143.34780	650.00	-1
YG.TOK2	62.66200	-144.45060	654.00	-1
YG.RH07	61.95000	-145.38170	469.00	-1
IM.IL13	64.74790	-146.98650	367.00	-1
AK.PAX	62.96990	-145.46990	1150.00	-1
YG.MCR1	61.71570	-144.89520	444.00	-1
IM.IL15	64.77770	-146.94280	336.00	-1
TA.J26L	64.50120	-143.56360	1144.00	-1
IM.IL16	64.79330	-146.92150	382.00	-1
AK.GLB	61.44170	-143.81230	855.00	-1
YG.RH10	61.57320	-145.22560	602.00	-1
IM.IL07	64.79930	-146.83930	401.00	-1
IM.IL06	64.77920	-146.90400	262.00	-1
YG.RH15	61.10120	-146.21220	46.00	-1
TA.TCOL	64.87350	-147.86180	178.00	-1
YG.MCR2	61.49910	-144.03930	425.00	-1
IM.IL09	64.76810	-146.78320	494.00	-1
IM.IL31	64.77140	-146.88660	419.00	-1
YG.NEB2	62.56540	-143.44920	971.00	-1
IM.IL18	64.75750	-146.77680	554.00	-1
IM.IL02	64.78470	-146.86430	261.00	-1
YG.RH12	61.23980	-145.35320	415.00	-1
IM.IL14	64.77500	-146.97940	223.00	-1
IM.IL12	64.74470	-146.94360	366.00	-1
YG.NEB3	62.51840	-143.19960	997.00	-1
AK.VRDI	61.22750	-143.45450	1909.00	-1
YG.RH14	61.06170	-145.93670	152.00	-1
YG.GLN4	61.78950	-147.67960	689.00	-1
YG.RH13	61.19340	-145.57410	528.00	-1
AV.WACK	61.98580	-144.33050	2280.00	-1
IM.IL01	64.77160	-146.88610	418.00	-1
AV.WASW	61.92770	-144.17450	2196.00	-1
AK.MCAR	61.38360	-143.02400	447.00	-1
YG.DEN4	63.17100	-147.54350	841.00	-1
TA.N25K	61.60610	-144.59820	1087.00	-1
TA.K24K	63.80360	-145.77840	724.00	-1
YG.DEN1	63.04660	-145.90840	951.00	-1
YG.RH08	61.83700	-145.22160	490.00	-1
YG.TOK4	62.83910	-143.70690	757.00	-1
YG.GLN3	61.98720	-146.95370	814.00	-1
IM.IL19	64.74610	-146.79740	549.00	-1
IM.IL10	64.75290	-146.84310	586.00	-1
IU.COLA	64.87360	-147.86160	200.00	-1
TA.HARP	62.39870	-145.15680	581.00	-1
YG.RH05	62.41060	-145.38820	585.00	-1
YG.TOK1	62.48390	-144.82790	572.00	-1
YG.RH11	61.40140	-145.19470	528.00	-1
YG.RH03	62.83340	-145.47100	909.00	-1
YG.MCR3	61.41760	-143.69800	485.00	-1
AK.KLU	61.49240	-145.92270	1047.00	-1
AK.SCM	61.83200	-147.32900	1050.00	-1
IM.IL17	64.80720	-146.88980	357.00	-1
AK.DHY	63.07530	-147.37590	1611.00	-1
AK.CCB	64.64530	-147.80530	233.00	-1
YG.MCR4	61.36290	-143.46670	455.00	-1
YG.LKLO	62.24740	-146.52550	807.00	-1
YG.TOK3	62.71870	-144.06940	832.00	-1
YG.NEB1	62.62280	-143.71350	795.00	-1
IM.IL05	64.77310	-146.92290	389.00	-1
TA.J25K	64.61300	-145.36970	949.00	-1
AK.SCRK	63.97610	-143.99050	1375.00	-1
AK.DOT	63.64820	-144.06970	670.00	-1
